gradle/android/capacitor-cordova-android-plugins/build/intermediates/manifest_merge_blame_file/debug/processDebugManifest/manifest-merger-blame-debug-report.txt
1<?xml version="1.0" encoding="utf-8"?>
2<manifest xmlns:amazon="http://schemas.amazon.com/apk/res/android"
3    xmlns:android="http://schemas.android.com/apk/res/android"
4    package="capacitor.cordova.android.plugins" >
5
6    <uses-sdk android:minSdkVersion="21" />
7
8    <uses-permission android:name="android.permission.BLUETOOTH" />
8-->src/main/AndroidManifest.xml:8:1-63
8-->src/main/AndroidManifest.xml:8:18-61
9    <uses-permission android:name="android.permission.BLUETOOTH_ADMIN" />
9-->src/main/AndroidManifest.xml:9:1-69
9-->src/main/AndroidManifest.xml:9:18-67
10    <uses-permission android:name="android.permission.ACCESS_COARSE_LOCATION" />
10-->src/main/AndroidManifest.xml:10:1-76
10-->src/main/AndroidManifest.xml:10:18-74
11    <uses-permission android:name="android.permission.CAMERA" />
11-->src/main/AndroidManifest.xml:11:1-60
11-->src/main/AndroidManifest.xml:11:18-58
12    <uses-permission android:name="android.permission.FLASHLIGHT" />
12-->src/main/AndroidManifest.xml:12:1-64
12-->src/main/AndroidManifest.xml:12:18-62
13
14    <uses-feature
14-->src/main/AndroidManifest.xml:13:1-79
15        android:name="android.hardware.camera"
15-->src/main/AndroidManifest.xml:13:15-53
16        android:required="true" />
16-->src/main/AndroidManifest.xml:13:54-77
17
18    <application android:usesCleartextTraffic="true" >
18-->src/main/AndroidManifest.xml:4:1-7:15
18-->src/main/AndroidManifest.xml:4:15-50
19        <activity
19-->src/main/AndroidManifest.xml:5:1-302
20            android:name="com.google.zxing.client.android.CaptureActivity"
20-->src/main/AndroidManifest.xml:5:11-73
21            android:clearTaskOnLaunch="true"
21-->src/main/AndroidManifest.xml:5:74-106
22            android:configChanges="orientation|keyboardHidden|screenSize"
22-->src/main/AndroidManifest.xml:5:107-168
23            android:exported="false"
23-->src/main/AndroidManifest.xml:5:276-300
24            android:theme="@android:style/Theme.NoTitleBar.Fullscreen"
24-->src/main/AndroidManifest.xml:5:169-227
25            android:windowSoftInputMode="stateAlwaysHidden" />
25-->src/main/AndroidManifest.xml:5:228-275
26        <activity
26-->src/main/AndroidManifest.xml:6:1-103
27            android:name="com.google.zxing.client.android.encode.EncodeActivity"
27-->src/main/AndroidManifest.xml:6:11-79
28            android:label="Share" />
28-->src/main/AndroidManifest.xml:6:80-101
29    </application>
30
31</manifest>